<?xml version="1.0" encoding="UTF-8"?>
<testng-results skipped="0" failed="0" total="10" passed="10">
  <reporter-output>
    <line>
      <![CDATA[browser driver was constructed<br>]]>
    </line>
    <line>
      <![CDATA[Browser 'firefox' ready...<br>]]>
    </line>
    <line>
      <![CDATA[-------------------------------------------------------------------------<br>]]>
    </line>
    <line>
      <![CDATA[=====================  Test case: 'demo.test.ABook' =====================<br>]]>
    </line>
    <line>
      <![CDATA[-------------------------------------------------------------------------<br>]]>
    </line>
    <line>
      <![CDATA[--------==[ Preconditions ]==--------<br>]]>
    </line>
    <line>
      <![CDATA[--------==[ Step 1 ]==--------<br>]]>
    </line>
    <line>
      <![CDATA[--------==[ Step 2 ]==--------<br>]]>
    </line>
    <line>
      <![CDATA[Form 'Страница ABook' appears in 985msec<br>]]>
    </line>
    <line>
      <![CDATA[--------==[ Step 3 ]==--------<br>]]>
    </line>
    <line>
      <![CDATA[Label 'По дате обновления' :: Clicking<br>]]>
    </line>
    <line>
      <![CDATA[--------==[ Step 4 ]==--------<br>]]>
    </line>
    <line>
      <![CDATA[Label 'По году' :: Clicking<br>]]>
    </line>
    <line>
      <![CDATA[--------==[ Step 5 ]==--------<br>]]>
    </line>
    <line>
      <![CDATA[Label 'По рейтингу' :: Clicking<br>]]>
    </line>
    <line>
      <![CDATA[--------==[ Step 6 ]==--------<br>]]>
    </line>
    <line>
      <![CDATA[Label 'По просмотрам' :: Clicking<br>]]>
    </line>
    <line>
      <![CDATA[--------==[ Step 7 ]==--------<br>]]>
    </line>
    <line>
      <![CDATA[Label 'По времени звучания' :: Clicking<br>]]>
    </line>
    <line>
      <![CDATA[<br>]]>
    </line>
    <line>
      <![CDATA[************************************************<br>]]>
    </line>
    <line>
      <![CDATA[***** Test case: 'demo.test.ABook' Passed! *****<br>]]>
    </line>
    <line>
      <![CDATA[************************************************<br>]]>
    </line>
    <line>
      <![CDATA[<br>]]>
    </line>
    <line>
      <![CDATA[driver.quit...<br>]]>
    </line>
    <line>
      <![CDATA[killing processes<br>]]>
    </line>
    <line>
      <![CDATA[browser driver was constructed<br>]]>
    </line>
    <line>
      <![CDATA[Browser 'firefox' ready...<br>]]>
    </line>
    <line>
      <![CDATA[-----------------------------------------------------------------------------------<br>]]>
    </line>
    <line>
      <![CDATA[=====================  Test case: 'demo.test.GoogleTranslate' =====================<br>]]>
    </line>
    <line>
      <![CDATA[-----------------------------------------------------------------------------------<br>]]>
    </line>
    <line>
      <![CDATA[--------==[ Preconditions ]==--------<br>]]>
    </line>
    <line>
      <![CDATA[--------==[ Step 1 ]==--------<br>]]>
    </line>
    <line>
      <![CDATA[--------==[ Step 2 ]==--------<br>]]>
    </line>
    <line>
      <![CDATA[Form 'Страница Google Translate' appears in 360msec<br>]]>
    </line>
    <line>
      <![CDATA[--------==[ Step 3 ]==--------<br>]]>
    </line>
    <line>
      <![CDATA[Text Field 'Поле для ввода текста' :: Typing 'Translate'<br>]]>
    </line>
    <line>
      <![CDATA[--------==[ Step 4 ]==--------<br>]]>
    </line>
    <line>
      <![CDATA[Button 'Озвучить перевод' :: Clicking<br>]]>
    </line>
    <line>
      <![CDATA[--------==[ Step 5 ]==--------<br>]]>
    </line>
    <line>
      <![CDATA[Button 'Выбор языка перевода' :: Clicking<br>]]>
    </line>
    <line>
      <![CDATA[Button 'Нерепести на португальский' :: Clicking<br>]]>
    </line>
    <line>
      <![CDATA[Button 'Озвучить перевод' :: Clicking<br>]]>
    </line>
    <line>
      <![CDATA[<br>]]>
    </line>
    <line>
      <![CDATA[**********************************************************<br>]]>
    </line>
    <line>
      <![CDATA[***** Test case: 'demo.test.GoogleTranslate' Passed! *****<br>]]>
    </line>
    <line>
      <![CDATA[**********************************************************<br>]]>
    </line>
    <line>
      <![CDATA[<br>]]>
    </line>
    <line>
      <![CDATA[driver.quit...<br>]]>
    </line>
    <line>
      <![CDATA[killing processes<br>]]>
    </line>
    <line>
      <![CDATA[browser driver was constructed<br>]]>
    </line>
    <line>
      <![CDATA[Browser 'firefox' ready...<br>]]>
    </line>
    <line>
      <![CDATA[----------------------------------------------------------------------------<br>]]>
    </line>
    <line>
      <![CDATA[=====================  Test case: 'demo.test.Kinoklad' =====================<br>]]>
    </line>
    <line>
      <![CDATA[----------------------------------------------------------------------------<br>]]>
    </line>
    <line>
      <![CDATA[--------==[ Preconditions ]==--------<br>]]>
    </line>
    <line>
      <![CDATA[--------==[ Step 1 ]==--------<br>]]>
    </line>
    <line>
      <![CDATA[--------==[ Step 2 ]==--------<br>]]>
    </line>
    <line>
      <![CDATA[Form 'Страница Kinoklad.ru' appears in 516msec<br>]]>
    </line>
    <line>
      <![CDATA[--------==[ Step 3 ]==--------<br>]]>
    </line>
    <line>
      <![CDATA[Text Field 'Строка поиска' :: Typing 'Планета обезьян'<br>]]>
    </line>
    <line>
      <![CDATA[Button 'Кнопка поиска' :: Clicking<br>]]>
    </line>
    <line>
      <![CDATA[--------==[ Step 4 ]==--------<br>]]>
    </line>
    <line>
      <![CDATA[--------==[ Step 5 ]==--------<br>]]>
    </line>
    <line>
      <![CDATA[Label 'Фильм Планета обезьян: Революция' :: Clicking<br>]]>
    </line>
    <line>
      <![CDATA[--------==[ Step 6 ]==--------<br>]]>
    </line>
    <line>
      <![CDATA[Text Field 'Имя комментатора' :: Typing 'Stas'<br>]]>
    </line>
    <line>
      <![CDATA[Text Field 'E-mail комментатора' :: Typing 'stas_man@tut.by'<br>]]>
    </line>
    <line>
      <![CDATA[Text Field 'Комментарий' :: Typing 'Отличный фильм'<br>]]>
    </line>
    <line>
      <![CDATA[Button 'Кнопка отправить комментарий' :: Clicking<br>]]>
    </line>
    <line>
      <![CDATA[--------==[ Step 7 ]==--------<br>]]>
    </line>
    <line>
      <![CDATA[<br>]]>
    </line>
    <line>
      <![CDATA[***************************************************<br>]]>
    </line>
    <line>
      <![CDATA[***** Test case: 'demo.test.Kinoklad' Passed! *****<br>]]>
    </line>
    <line>
      <![CDATA[***************************************************<br>]]>
    </line>
    <line>
      <![CDATA[<br>]]>
    </line>
    <line>
      <![CDATA[driver.quit...<br>]]>
    </line>
    <line>
      <![CDATA[killing processes<br>]]>
    </line>
    <line>
      <![CDATA[browser driver was constructed<br>]]>
    </line>
    <line>
      <![CDATA[Browser 'firefox' ready...<br>]]>
    </line>
    <line>
      <![CDATA[-----------------------------------------------------------------------------<br>]]>
    </line>
    <line>
      <![CDATA[=====================  Test case: 'demo.test.MinskShop' =====================<br>]]>
    </line>
    <line>
      <![CDATA[-----------------------------------------------------------------------------<br>]]>
    </line>
    <line>
      <![CDATA[--------==[ Preconditions ]==--------<br>]]>
    </line>
    <line>
      <![CDATA[--------==[ Step 1 ]==--------<br>]]>
    </line>
    <line>
      <![CDATA[--------==[ Step 2 ]==--------<br>]]>
    </line>
    <line>
      <![CDATA[Form 'Страница Onliner' appears in 735msec<br>]]>
    </line>
    <line>
      <![CDATA[--------==[ Step 3 ]==--------<br>]]>
    </line>
    <line>
      <![CDATA[Text Field 'Строка поиска товара' :: Typing 'Globus 510'<br>]]>
    </line>
    <line>
      <![CDATA[Button 'кнопка поиска' :: Clicking<br>]]>
    </line>
    <line>
      <![CDATA[--------==[ Step 4 ]==--------<br>]]>
    </line>
    <line>
      <![CDATA[Label 'выбираем товар' :: Clicking<br>]]>
    </line>
    <line>
      <![CDATA[--------==[ Step 5 ]==--------<br>]]>
    </line>
    <line>
      <![CDATA[Button 'кнопка поиска' :: Clicking<br>]]>
    </line>
    <line>
      <![CDATA[--------==[ Step 6 ]==--------<br>]]>
    </line>
    <line>
      <![CDATA[Button 'кнопка поиска' :: Clicking<br>]]>
    </line>
    <line>
      <![CDATA[Label 'корзина' :: Clicking<br>]]>
    </line>
    <line>
      <![CDATA[<br>]]>
    </line>
    <line>
      <![CDATA[****************************************************<br>]]>
    </line>
    <line>
      <![CDATA[***** Test case: 'demo.test.MinskShop' Passed! *****<br>]]>
    </line>
    <line>
      <![CDATA[****************************************************<br>]]>
    </line>
    <line>
      <![CDATA[<br>]]>
    </line>
    <line>
      <![CDATA[driver.quit...<br>]]>
    </line>
    <line>
      <![CDATA[killing processes<br>]]>
    </line>
    <line>
      <![CDATA[browser driver was constructed<br>]]>
    </line>
    <line>
      <![CDATA[Browser 'firefox' ready...<br>]]>
    </line>
    <line>
      <![CDATA[------------------------------------------------------------------------------------<br>]]>
    </line>
    <line>
      <![CDATA[=====================  Test case: 'demo.test.MinskShopCompare' =====================<br>]]>
    </line>
    <line>
      <![CDATA[------------------------------------------------------------------------------------<br>]]>
    </line>
    <line>
      <![CDATA[--------==[ Preconditions ]==--------<br>]]>
    </line>
    <line>
      <![CDATA[--------==[ Step 1 ]==--------<br>]]>
    </line>
    <line>
      <![CDATA[--------==[ Step 2 ]==--------<br>]]>
    </line>
    <line>
      <![CDATA[Form 'Страница Onliner' appears in 531msec<br>]]>
    </line>
    <line>
      <![CDATA[--------==[ Step 3 ]==--------<br>]]>
    </line>
    <line>
      <![CDATA[Label 'Электронные сигареты' :: Clicking<br>]]>
    </line>
    <line>
      <![CDATA[Label 'Сигареты' :: Clicking<br>]]>
    </line>
    <line>
      <![CDATA[--------==[ Step 4 ]==--------<br>]]>
    </line>
    <line>
      <![CDATA[Button 'Добавление в список сравнения' :: Clicking<br>]]>
    </line>
    <line>
      <![CDATA[Button 'Добавление в список сравнения' :: Clicking<br>]]>
    </line>
    <line>
      <![CDATA[Button 'Сравнение' :: Clicking<br>]]>
    </line>
    <line>
      <![CDATA[<br>]]>
    </line>
    <line>
      <![CDATA[***********************************************************<br>]]>
    </line>
    <line>
      <![CDATA[***** Test case: 'demo.test.MinskShopCompare' Passed! *****<br>]]>
    </line>
    <line>
      <![CDATA[***********************************************************<br>]]>
    </line>
    <line>
      <![CDATA[<br>]]>
    </line>
    <line>
      <![CDATA[driver.quit...<br>]]>
    </line>
    <line>
      <![CDATA[killing processes<br>]]>
    </line>
    <line>
      <![CDATA[browser driver was constructed<br>]]>
    </line>
    <line>
      <![CDATA[Browser 'firefox' ready...<br>]]>
    </line>
    <line>
      <![CDATA[---------------------------------------------------------------------------<br>]]>
    </line>
    <line>
      <![CDATA[=====================  Test case: 'demo.test.Onliner' =====================<br>]]>
    </line>
    <line>
      <![CDATA[---------------------------------------------------------------------------<br>]]>
    </line>
    <line>
      <![CDATA[--------==[ Preconditions ]==--------<br>]]>
    </line>
    <line>
      <![CDATA[--------==[ Step 1 ]==--------<br>]]>
    </line>
    <line>
      <![CDATA[--------==[ Step 2 ]==--------<br>]]>
    </line>
    <line>
      <![CDATA[Form 'Страница Onliner' appears in 266msec<br>]]>
    </line>
    <line>
      <![CDATA[--------==[ Step 3 ]==--------<br>]]>
    </line>
    <line>
      <![CDATA[Text Field 'Строка ввода логина' :: Typing 'stas_man@tut.by'<br>]]>
    </line>
    <line>
      <![CDATA[Text Field 'Строка ввода пароля' :: Typing '155155ss'<br>]]>
    </line>
    <line>
      <![CDATA[Button 'кнопка Submit' :: Clicking<br>]]>
    </line>
    <line>
      <![CDATA[--------==[ Step 4 ]==--------<br>]]>
    </line>
    <line>
      <![CDATA[--------==[ Step 5 ]==--------<br>]]>
    </line>
    <line>
      <![CDATA[--------==[ Step 6 ]==--------<br>]]>
    </line>
    <line>
      <![CDATA[Label 'Авторизованный пользователь' :: Clicking<br>]]>
    </line>
    <line>
      <![CDATA[--------==[ Step 7 ]==--------<br>]]>
    </line>
    <line>
      <![CDATA[Label 'Закладки пользователя' :: Clicking<br>]]>
    </line>
    <line>
      <![CDATA[<br>]]>
    </line>
    <line>
      <![CDATA[**************************************************<br>]]>
    </line>
    <line>
      <![CDATA[***** Test case: 'demo.test.Onliner' Passed! *****<br>]]>
    </line>
    <line>
      <![CDATA[**************************************************<br>]]>
    </line>
    <line>
      <![CDATA[<br>]]>
    </line>
    <line>
      <![CDATA[driver.quit...<br>]]>
    </line>
    <line>
      <![CDATA[killing processes<br>]]>
    </line>
    <line>
      <![CDATA[browser driver was constructed<br>]]>
    </line>
    <line>
      <![CDATA[Browser 'firefox' ready...<br>]]>
    </line>
    <line>
      <![CDATA[------------------------------------------------------------------------------<br>]]>
    </line>
    <line>
      <![CDATA[=====================  Test case: 'demo.test.OnlinerBuy' =====================<br>]]>
    </line>
    <line>
      <![CDATA[------------------------------------------------------------------------------<br>]]>
    </line>
    <line>
      <![CDATA[--------==[ Preconditions ]==--------<br>]]>
    </line>
    <line>
      <![CDATA[--------==[ Step 1 ]==--------<br>]]>
    </line>
    <line>
      <![CDATA[--------==[ Step 2 ]==--------<br>]]>
    </line>
    <line>
      <![CDATA[Form 'Страница Onliner' appears in 313msec<br>]]>
    </line>
    <line>
      <![CDATA[--------==[ Step 3 ]==--------<br>]]>
    </line>
    <line>
      <![CDATA[Text Field 'Строка ввода логина' :: Typing 'stas_man@tut.by'<br>]]>
    </line>
    <line>
      <![CDATA[Text Field 'Строка ввода пароля' :: Typing '155155ss'<br>]]>
    </line>
    <line>
      <![CDATA[Button 'кнопка Submit' :: Clicking<br>]]>
    </line>
    <line>
      <![CDATA[--------==[ Step 4 ]==--------<br>]]>
    </line>
    <line>
      <![CDATA[Label 'Раздел Каталог и цены' :: Clicking<br>]]>
    </line>
    <line>
      <![CDATA[--------==[ Step 5 ]==--------<br>]]>
    </line>
    <line>
      <![CDATA[Label 'Проводные телефоны' :: Clicking<br>]]>
    </line>
    <line>
      <![CDATA[--------==[ Step 5 ]==--------<br>]]>
    </line>
    <line>
      <![CDATA[Text Field 'Минимальная цена' :: Typing '5'<br>]]>
    </line>
    <line>
      <![CDATA[Text Field 'Максимальная цена' :: Typing '15'<br>]]>
    </line>
    <line>
      <![CDATA[Button 'кнопка Подобрать' :: Clicking<br>]]>
    </line>
    <line>
      <![CDATA[<br>]]>
    </line>
    <line>
      <![CDATA[*****************************************************<br>]]>
    </line>
    <line>
      <![CDATA[***** Test case: 'demo.test.OnlinerBuy' Passed! *****<br>]]>
    </line>
    <line>
      <![CDATA[*****************************************************<br>]]>
    </line>
    <line>
      <![CDATA[<br>]]>
    </line>
    <line>
      <![CDATA[driver.quit...<br>]]>
    </line>
    <line>
      <![CDATA[killing processes<br>]]>
    </line>
    <line>
      <![CDATA[browser driver was constructed<br>]]>
    </line>
    <line>
      <![CDATA[Browser 'firefox' ready...<br>]]>
    </line>
    <line>
      <![CDATA[--------------------------------------------------------------------------------<br>]]>
    </line>
    <line>
      <![CDATA[=====================  Test case: 'demo.test.OnlinerForum' =====================<br>]]>
    </line>
    <line>
      <![CDATA[--------------------------------------------------------------------------------<br>]]>
    </line>
    <line>
      <![CDATA[--------==[ Preconditions ]==--------<br>]]>
    </line>
    <line>
      <![CDATA[--------==[ Step 1 ]==--------<br>]]>
    </line>
    <line>
      <![CDATA[--------==[ Step 2 ]==--------<br>]]>
    </line>
    <line>
      <![CDATA[Form 'Страница Onliner' appears in 266msec<br>]]>
    </line>
    <line>
      <![CDATA[--------==[ Step 3 ]==--------<br>]]>
    </line>
    <line>
      <![CDATA[Label 'Форум' :: Clicking<br>]]>
    </line>
    <line>
      <![CDATA[--------==[ Step 4 ]==--------<br>]]>
    </line>
    <line>
      <![CDATA[Text Field 'Строка поиска темы' :: Typing 'World of Tanks'<br>]]>
    </line>
    <line>
      <![CDATA[--------==[ Step 5 ]==--------<br>]]>
    </line>
    <line>
      <![CDATA[Button 'кнопка Найти' :: Clicking<br>]]>
    </line>
    <line>
      <![CDATA[<br>]]>
    </line>
    <line>
      <![CDATA[*******************************************************<br>]]>
    </line>
    <line>
      <![CDATA[***** Test case: 'demo.test.OnlinerForum' Passed! *****<br>]]>
    </line>
    <line>
      <![CDATA[*******************************************************<br>]]>
    </line>
    <line>
      <![CDATA[<br>]]>
    </line>
    <line>
      <![CDATA[driver.quit...<br>]]>
    </line>
    <line>
      <![CDATA[killing processes<br>]]>
    </line>
    <line>
      <![CDATA[browser driver was constructed<br>]]>
    </line>
    <line>
      <![CDATA[Browser 'firefox' ready...<br>]]>
    </line>
    <line>
      <![CDATA[-------------------------------------------------------------------------------<br>]]>
    </line>
    <line>
      <![CDATA[=====================  Test case: 'demo.test.OnlinerIron' =====================<br>]]>
    </line>
    <line>
      <![CDATA[-------------------------------------------------------------------------------<br>]]>
    </line>
    <line>
      <![CDATA[--------==[ Preconditions ]==--------<br>]]>
    </line>
    <line>
      <![CDATA[--------==[ Step 1 ]==--------<br>]]>
    </line>
    <line>
      <![CDATA[--------==[ Step 2 ]==--------<br>]]>
    </line>
    <line>
      <![CDATA[Form 'Страница Onliner' appears in 282msec<br>]]>
    </line>
    <line>
      <![CDATA[--------==[ Step 3 ]==--------<br>]]>
    </line>
    <line>
      <![CDATA[Label 'Барахолка' :: Clicking<br>]]>
    </line>
    <line>
      <![CDATA[--------==[ Step 4 ]==--------<br>]]>
    </line>
    <line>
      <![CDATA[Text Field 'Строка ввода для поиска товара' :: Typing 'Утюг'<br>]]>
    </line>
    <line>
      <![CDATA[--------==[ Step 5 ]==--------<br>]]>
    </line>
    <line>
      <![CDATA[Button 'кнопка Найти' :: Clicking<br>]]>
    </line>
    <line>
      <![CDATA[<br>]]>
    </line>
    <line>
      <![CDATA[******************************************************<br>]]>
    </line>
    <line>
      <![CDATA[***** Test case: 'demo.test.OnlinerIron' Passed! *****<br>]]>
    </line>
    <line>
      <![CDATA[******************************************************<br>]]>
    </line>
    <line>
      <![CDATA[<br>]]>
    </line>
    <line>
      <![CDATA[driver.quit...<br>]]>
    </line>
    <line>
      <![CDATA[killing processes<br>]]>
    </line>
    <line>
      <![CDATA[browser driver was constructed<br>]]>
    </line>
    <line>
      <![CDATA[Browser 'firefox' ready...<br>]]>
    </line>
    <line>
      <![CDATA[------------------------------------------------------------------------------<br>]]>
    </line>
    <line>
      <![CDATA[=====================  Test case: 'demo.test.ProTorrent' =====================<br>]]>
    </line>
    <line>
      <![CDATA[------------------------------------------------------------------------------<br>]]>
    </line>
    <line>
      <![CDATA[--------==[ Preconditions ]==--------<br>]]>
    </line>
    <line>
      <![CDATA[--------==[ Step 1 ]==--------<br>]]>
    </line>
    <line>
      <![CDATA[--------==[ Step 2 ]==--------<br>]]>
    </line>
    <line>
      <![CDATA[Form 'Страница Pro-Torrent.com' appears in 391msec<br>]]>
    </line>
    <line>
      <![CDATA[--------==[ Step 3 ]==--------<br>]]>
    </line>
    <line>
      <![CDATA[Text Field 'Строка поиска' :: Typing 'Мишки Гамии'<br>]]>
    </line>
    <line>
      <![CDATA[Button 'Кнопка поиска' :: Clicking<br>]]>
    </line>
    <line>
      <![CDATA[--------==[ Step 4 ]==--------<br>]]>
    </line>
    <line>
      <![CDATA[--------==[ Step 5 ]==--------<br>]]>
    </line>
    <line>
      <![CDATA[--------==[ Step 6 ]==--------<br>]]>
    </line>
    <line>
      <![CDATA[Label 'как скачать фильм' :: Clicking<br>]]>
    </line>
    <line>
      <![CDATA[<br>]]>
    </line>
    <line>
      <![CDATA[*****************************************************<br>]]>
    </line>
    <line>
      <![CDATA[***** Test case: 'demo.test.ProTorrent' Passed! *****<br>]]>
    </line>
    <line>
      <![CDATA[*****************************************************<br>]]>
    </line>
    <line>
      <![CDATA[<br>]]>
    </line>
    <line>
      <![CDATA[driver.quit...<br>]]>
    </line>
    <line>
      <![CDATA[killing processes<br>]]>
    </line>
  </reporter-output>
  <suite name="Demo Test Plan" duration-ms="657828" started-at="2014-08-11T15:00:56Z" finished-at="2014-08-11T15:11:54Z">
    <groups>
    </groups>
    <test name="Functional Tests" duration-ms="657828" started-at="2014-08-11T15:00:56Z" finished-at="2014-08-11T15:11:54Z">
      <class name="demo.test.MinskShop">
        <test-method status="PASS" signature="before(org.testng.ITestContext)[pri:0, instance:demo.test.MinskShop@186a6d2]" name="before" is-config="true" duration-ms="10750" started-at="2014-08-11T19:03:09Z" finished-at="2014-08-11T19:03:20Z">
          <params>
            <param index="0">
              <value>
                <![CDATA[org.testng.TestRunner@1e7f4fe]]>
              </value>
            </param>
          </params>
          <reporter-output>
            <line>
              <![CDATA[browser driver was constructed<br>]]>
            </line>
            <line>
              <![CDATA[Browser 'firefox' ready...<br>]]>
            </line>
          </reporter-output>
        </test-method> <!-- before -->
        <test-method status="PASS" signature="xTest()[pri:0, instance:demo.test.MinskShop@186a6d2]" name="xTest" duration-ms="15640" started-at="2014-08-11T19:03:20Z" finished-at="2014-08-11T19:03:35Z">
          <reporter-output>
            <line>
              <![CDATA[-----------------------------------------------------------------------------<br>]]>
            </line>
            <line>
              <![CDATA[=====================  Test case: 'demo.test.MinskShop' =====================<br>]]>
            </line>
            <line>
              <![CDATA[-----------------------------------------------------------------------------<br>]]>
            </line>
            <line>
              <![CDATA[--------==[ Preconditions ]==--------<br>]]>
            </line>
            <line>
              <![CDATA[--------==[ Step 1 ]==--------<br>]]>
            </line>
            <line>
              <![CDATA[--------==[ Step 2 ]==--------<br>]]>
            </line>
            <line>
              <![CDATA[Form 'Страница Onliner' appears in 735msec<br>]]>
            </line>
            <line>
              <![CDATA[--------==[ Step 3 ]==--------<br>]]>
            </line>
            <line>
              <![CDATA[Text Field 'Строка поиска товара' :: Typing 'Globus 510'<br>]]>
            </line>
            <line>
              <![CDATA[Button 'кнопка поиска' :: Clicking<br>]]>
            </line>
            <line>
              <![CDATA[--------==[ Step 4 ]==--------<br>]]>
            </line>
            <line>
              <![CDATA[Label 'выбираем товар' :: Clicking<br>]]>
            </line>
            <line>
              <![CDATA[--------==[ Step 5 ]==--------<br>]]>
            </line>
            <line>
              <![CDATA[Button 'кнопка поиска' :: Clicking<br>]]>
            </line>
            <line>
              <![CDATA[--------==[ Step 6 ]==--------<br>]]>
            </line>
            <line>
              <![CDATA[Button 'кнопка поиска' :: Clicking<br>]]>
            </line>
            <line>
              <![CDATA[Label 'корзина' :: Clicking<br>]]>
            </line>
            <line>
              <![CDATA[<br>]]>
            </line>
            <line>
              <![CDATA[****************************************************<br>]]>
            </line>
            <line>
              <![CDATA[***** Test case: 'demo.test.MinskShop' Passed! *****<br>]]>
            </line>
            <line>
              <![CDATA[****************************************************<br>]]>
            </line>
            <line>
              <![CDATA[<br>]]>
            </line>
          </reporter-output>
        </test-method> <!-- xTest -->
        <test-method status="PASS" signature="after()[pri:0, instance:demo.test.MinskShop@186a6d2]" name="after" is-config="true" duration-ms="657" started-at="2014-08-11T19:03:35Z" finished-at="2014-08-11T19:03:36Z">
          <reporter-output>
            <line>
              <![CDATA[driver.quit...<br>]]>
            </line>
            <line>
              <![CDATA[killing processes<br>]]>
            </line>
          </reporter-output>
        </test-method> <!-- after -->
      </class> <!-- demo.test.MinskShop -->
      <class name="demo.test.OnlinerIron">
        <test-method status="PASS" signature="before(org.testng.ITestContext)[pri:0, instance:demo.test.OnlinerIron@6abdec]" name="before" is-config="true" duration-ms="15359" started-at="2014-08-11T19:10:24Z" finished-at="2014-08-11T19:10:40Z">
          <params>
            <param index="0">
              <value>
                <![CDATA[org.testng.TestRunner@1e7f4fe]]>
              </value>
            </param>
          </params>
          <reporter-output>
            <line>
              <![CDATA[browser driver was constructed<br>]]>
            </line>
            <line>
              <![CDATA[Browser 'firefox' ready...<br>]]>
            </line>
          </reporter-output>
        </test-method> <!-- before -->
        <test-method status="PASS" signature="xTest()[pri:0, instance:demo.test.OnlinerIron@6abdec]" name="xTest" duration-ms="32203" started-at="2014-08-11T19:10:40Z" finished-at="2014-08-11T19:11:12Z">
          <reporter-output>
            <line>
              <![CDATA[-------------------------------------------------------------------------------<br>]]>
            </line>
            <line>
              <![CDATA[=====================  Test case: 'demo.test.OnlinerIron' =====================<br>]]>
            </line>
            <line>
              <![CDATA[-------------------------------------------------------------------------------<br>]]>
            </line>
            <line>
              <![CDATA[--------==[ Preconditions ]==--------<br>]]>
            </line>
            <line>
              <![CDATA[--------==[ Step 1 ]==--------<br>]]>
            </line>
            <line>
              <![CDATA[--------==[ Step 2 ]==--------<br>]]>
            </line>
            <line>
              <![CDATA[Form 'Страница Onliner' appears in 282msec<br>]]>
            </line>
            <line>
              <![CDATA[--------==[ Step 3 ]==--------<br>]]>
            </line>
            <line>
              <![CDATA[Label 'Барахолка' :: Clicking<br>]]>
            </line>
            <line>
              <![CDATA[--------==[ Step 4 ]==--------<br>]]>
            </line>
            <line>
              <![CDATA[Text Field 'Строка ввода для поиска товара' :: Typing 'Утюг'<br>]]>
            </line>
            <line>
              <![CDATA[--------==[ Step 5 ]==--------<br>]]>
            </line>
            <line>
              <![CDATA[Button 'кнопка Найти' :: Clicking<br>]]>
            </line>
            <line>
              <![CDATA[<br>]]>
            </line>
            <line>
              <![CDATA[******************************************************<br>]]>
            </line>
            <line>
              <![CDATA[***** Test case: 'demo.test.OnlinerIron' Passed! *****<br>]]>
            </line>
            <line>
              <![CDATA[******************************************************<br>]]>
            </line>
            <line>
              <![CDATA[<br>]]>
            </line>
          </reporter-output>
        </test-method> <!-- xTest -->
        <test-method status="PASS" signature="after()[pri:0, instance:demo.test.OnlinerIron@6abdec]" name="after" is-config="true" duration-ms="719" started-at="2014-08-11T19:11:12Z" finished-at="2014-08-11T19:11:12Z">
          <reporter-output>
            <line>
              <![CDATA[driver.quit...<br>]]>
            </line>
            <line>
              <![CDATA[killing processes<br>]]>
            </line>
          </reporter-output>
        </test-method> <!-- after -->
      </class> <!-- demo.test.OnlinerIron -->
      <class name="demo.test.Onliner">
        <test-method status="PASS" signature="before(org.testng.ITestContext)[pri:0, instance:demo.test.Onliner@1daf304]" name="before" is-config="true" duration-ms="11515" started-at="2014-08-11T19:07:35Z" finished-at="2014-08-11T19:07:47Z">
          <params>
            <param index="0">
              <value>
                <![CDATA[org.testng.TestRunner@1e7f4fe]]>
              </value>
            </param>
          </params>
          <reporter-output>
            <line>
              <![CDATA[browser driver was constructed<br>]]>
            </line>
            <line>
              <![CDATA[Browser 'firefox' ready...<br>]]>
            </line>
          </reporter-output>
        </test-method> <!-- before -->
        <test-method status="PASS" signature="xTest()[pri:0, instance:demo.test.Onliner@1daf304]" name="xTest" duration-ms="42438" started-at="2014-08-11T19:07:47Z" finished-at="2014-08-11T19:08:29Z">
          <reporter-output>
            <line>
              <![CDATA[---------------------------------------------------------------------------<br>]]>
            </line>
            <line>
              <![CDATA[=====================  Test case: 'demo.test.Onliner' =====================<br>]]>
            </line>
            <line>
              <![CDATA[---------------------------------------------------------------------------<br>]]>
            </line>
            <line>
              <![CDATA[--------==[ Preconditions ]==--------<br>]]>
            </line>
            <line>
              <![CDATA[--------==[ Step 1 ]==--------<br>]]>
            </line>
            <line>
              <![CDATA[--------==[ Step 2 ]==--------<br>]]>
            </line>
            <line>
              <![CDATA[Form 'Страница Onliner' appears in 266msec<br>]]>
            </line>
            <line>
              <![CDATA[--------==[ Step 3 ]==--------<br>]]>
            </line>
            <line>
              <![CDATA[Text Field 'Строка ввода логина' :: Typing 'stas_man@tut.by'<br>]]>
            </line>
            <line>
              <![CDATA[Text Field 'Строка ввода пароля' :: Typing '155155ss'<br>]]>
            </line>
            <line>
              <![CDATA[Button 'кнопка Submit' :: Clicking<br>]]>
            </line>
            <line>
              <![CDATA[--------==[ Step 4 ]==--------<br>]]>
            </line>
            <line>
              <![CDATA[--------==[ Step 5 ]==--------<br>]]>
            </line>
            <line>
              <![CDATA[--------==[ Step 6 ]==--------<br>]]>
            </line>
            <line>
              <![CDATA[Label 'Авторизованный пользователь' :: Clicking<br>]]>
            </line>
            <line>
              <![CDATA[--------==[ Step 7 ]==--------<br>]]>
            </line>
            <line>
              <![CDATA[Label 'Закладки пользователя' :: Clicking<br>]]>
            </line>
            <line>
              <![CDATA[<br>]]>
            </line>
            <line>
              <![CDATA[**************************************************<br>]]>
            </line>
            <line>
              <![CDATA[***** Test case: 'demo.test.Onliner' Passed! *****<br>]]>
            </line>
            <line>
              <![CDATA[**************************************************<br>]]>
            </line>
            <line>
              <![CDATA[<br>]]>
            </line>
          </reporter-output>
        </test-method> <!-- xTest -->
        <test-method status="PASS" signature="after()[pri:0, instance:demo.test.Onliner@1daf304]" name="after" is-config="true" duration-ms="812" started-at="2014-08-11T19:08:29Z" finished-at="2014-08-11T19:08:30Z">
          <reporter-output>
            <line>
              <![CDATA[driver.quit...<br>]]>
            </line>
            <line>
              <![CDATA[killing processes<br>]]>
            </line>
          </reporter-output>
        </test-method> <!-- after -->
      </class> <!-- demo.test.Onliner -->
      <class name="demo.test.MinskShopCompare">
        <test-method status="PASS" signature="before(org.testng.ITestContext)[pri:0, instance:demo.test.MinskShopCompare@15d176]" name="before" is-config="true" duration-ms="17484" started-at="2014-08-11T19:03:36Z" finished-at="2014-08-11T19:03:53Z">
          <params>
            <param index="0">
              <value>
                <![CDATA[org.testng.TestRunner@1e7f4fe]]>
              </value>
            </param>
          </params>
          <reporter-output>
            <line>
              <![CDATA[browser driver was constructed<br>]]>
            </line>
            <line>
              <![CDATA[Browser 'firefox' ready...<br>]]>
            </line>
          </reporter-output>
        </test-method> <!-- before -->
        <test-method status="PASS" signature="xTest()[pri:0, instance:demo.test.MinskShopCompare@15d176]" name="xTest" duration-ms="221141" started-at="2014-08-11T19:03:53Z" finished-at="2014-08-11T19:07:35Z">
          <reporter-output>
            <line>
              <![CDATA[------------------------------------------------------------------------------------<br>]]>
            </line>
            <line>
              <![CDATA[=====================  Test case: 'demo.test.MinskShopCompare' =====================<br>]]>
            </line>
            <line>
              <![CDATA[------------------------------------------------------------------------------------<br>]]>
            </line>
            <line>
              <![CDATA[--------==[ Preconditions ]==--------<br>]]>
            </line>
            <line>
              <![CDATA[--------==[ Step 1 ]==--------<br>]]>
            </line>
            <line>
              <![CDATA[--------==[ Step 2 ]==--------<br>]]>
            </line>
            <line>
              <![CDATA[Form 'Страница Onliner' appears in 531msec<br>]]>
            </line>
            <line>
              <![CDATA[--------==[ Step 3 ]==--------<br>]]>
            </line>
            <line>
              <![CDATA[Label 'Электронные сигареты' :: Clicking<br>]]>
            </line>
            <line>
              <![CDATA[Label 'Сигареты' :: Clicking<br>]]>
            </line>
            <line>
              <![CDATA[--------==[ Step 4 ]==--------<br>]]>
            </line>
            <line>
              <![CDATA[Button 'Добавление в список сравнения' :: Clicking<br>]]>
            </line>
            <line>
              <![CDATA[Button 'Добавление в список сравнения' :: Clicking<br>]]>
            </line>
            <line>
              <![CDATA[Button 'Сравнение' :: Clicking<br>]]>
            </line>
            <line>
              <![CDATA[<br>]]>
            </line>
            <line>
              <![CDATA[***********************************************************<br>]]>
            </line>
            <line>
              <![CDATA[***** Test case: 'demo.test.MinskShopCompare' Passed! *****<br>]]>
            </line>
            <line>
              <![CDATA[***********************************************************<br>]]>
            </line>
            <line>
              <![CDATA[<br>]]>
            </line>
          </reporter-output>
        </test-method> <!-- xTest -->
        <test-method status="PASS" signature="after()[pri:0, instance:demo.test.MinskShopCompare@15d176]" name="after" is-config="true" duration-ms="875" started-at="2014-08-11T19:07:35Z" finished-at="2014-08-11T19:07:35Z">
          <reporter-output>
            <line>
              <![CDATA[driver.quit...<br>]]>
            </line>
            <line>
              <![CDATA[killing processes<br>]]>
            </line>
          </reporter-output>
        </test-method> <!-- after -->
      </class> <!-- demo.test.MinskShopCompare -->
      <class name="demo.test.Kinoklad">
        <test-method status="PASS" signature="before(org.testng.ITestContext)[pri:0, instance:demo.test.Kinoklad@d454f5]" name="before" is-config="true" duration-ms="16406" started-at="2014-08-11T19:02:30Z" finished-at="2014-08-11T19:02:47Z">
          <params>
            <param index="0">
              <value>
                <![CDATA[org.testng.TestRunner@1e7f4fe]]>
              </value>
            </param>
          </params>
          <reporter-output>
            <line>
              <![CDATA[browser driver was constructed<br>]]>
            </line>
            <line>
              <![CDATA[Browser 'firefox' ready...<br>]]>
            </line>
          </reporter-output>
        </test-method> <!-- before -->
        <test-method status="PASS" signature="xTest()[pri:0, instance:demo.test.Kinoklad@d454f5]" name="xTest" duration-ms="21234" started-at="2014-08-11T19:02:47Z" finished-at="2014-08-11T19:03:08Z">
          <reporter-output>
            <line>
              <![CDATA[----------------------------------------------------------------------------<br>]]>
            </line>
            <line>
              <![CDATA[=====================  Test case: 'demo.test.Kinoklad' =====================<br>]]>
            </line>
            <line>
              <![CDATA[----------------------------------------------------------------------------<br>]]>
            </line>
            <line>
              <![CDATA[--------==[ Preconditions ]==--------<br>]]>
            </line>
            <line>
              <![CDATA[--------==[ Step 1 ]==--------<br>]]>
            </line>
            <line>
              <![CDATA[--------==[ Step 2 ]==--------<br>]]>
            </line>
            <line>
              <![CDATA[Form 'Страница Kinoklad.ru' appears in 516msec<br>]]>
            </line>
            <line>
              <![CDATA[--------==[ Step 3 ]==--------<br>]]>
            </line>
            <line>
              <![CDATA[Text Field 'Строка поиска' :: Typing 'Планета обезьян'<br>]]>
            </line>
            <line>
              <![CDATA[Button 'Кнопка поиска' :: Clicking<br>]]>
            </line>
            <line>
              <![CDATA[--------==[ Step 4 ]==--------<br>]]>
            </line>
            <line>
              <![CDATA[--------==[ Step 5 ]==--------<br>]]>
            </line>
            <line>
              <![CDATA[Label 'Фильм Планета обезьян: Революция' :: Clicking<br>]]>
            </line>
            <line>
              <![CDATA[--------==[ Step 6 ]==--------<br>]]>
            </line>
            <line>
              <![CDATA[Text Field 'Имя комментатора' :: Typing 'Stas'<br>]]>
            </line>
            <line>
              <![CDATA[Text Field 'E-mail комментатора' :: Typing 'stas_man@tut.by'<br>]]>
            </line>
            <line>
              <![CDATA[Text Field 'Комментарий' :: Typing 'Отличный фильм'<br>]]>
            </line>
            <line>
              <![CDATA[Button 'Кнопка отправить комментарий' :: Clicking<br>]]>
            </line>
            <line>
              <![CDATA[--------==[ Step 7 ]==--------<br>]]>
            </line>
            <line>
              <![CDATA[<br>]]>
            </line>
            <line>
              <![CDATA[***************************************************<br>]]>
            </line>
            <line>
              <![CDATA[***** Test case: 'demo.test.Kinoklad' Passed! *****<br>]]>
            </line>
            <line>
              <![CDATA[***************************************************<br>]]>
            </line>
            <line>
              <![CDATA[<br>]]>
            </line>
          </reporter-output>
        </test-method> <!-- xTest -->
        <test-method status="PASS" signature="after()[pri:0, instance:demo.test.Kinoklad@d454f5]" name="after" is-config="true" duration-ms="860" started-at="2014-08-11T19:03:08Z" finished-at="2014-08-11T19:03:09Z">
          <reporter-output>
            <line>
              <![CDATA[driver.quit...<br>]]>
            </line>
            <line>
              <![CDATA[killing processes<br>]]>
            </line>
          </reporter-output>
        </test-method> <!-- after -->
      </class> <!-- demo.test.Kinoklad -->
      <class name="demo.test.ABook">
        <test-method status="PASS" signature="before(org.testng.ITestContext)[pri:0, instance:demo.test.ABook@1324072]" name="before" is-config="true" duration-ms="468" started-at="2014-08-11T19:00:56Z" finished-at="2014-08-11T19:00:56Z">
          <params>
            <param index="0">
              <value>
                <![CDATA[org.testng.TestRunner@1e7f4fe]]>
              </value>
            </param>
          </params>
          <reporter-output>
          </reporter-output>
        </test-method> <!-- before -->
        <test-method status="PASS" signature="xTest()[pri:0, instance:demo.test.ABook@1324072]" name="xTest" duration-ms="46578" started-at="2014-08-11T19:00:56Z" finished-at="2014-08-11T19:01:43Z">
          <reporter-output>
            <line>
              <![CDATA[-------------------------------------------------------------------------<br>]]>
            </line>
            <line>
              <![CDATA[=====================  Test case: 'demo.test.ABook' =====================<br>]]>
            </line>
            <line>
              <![CDATA[-------------------------------------------------------------------------<br>]]>
            </line>
            <line>
              <![CDATA[--------==[ Preconditions ]==--------<br>]]>
            </line>
            <line>
              <![CDATA[--------==[ Step 1 ]==--------<br>]]>
            </line>
            <line>
              <![CDATA[--------==[ Step 2 ]==--------<br>]]>
            </line>
            <line>
              <![CDATA[Form 'Страница ABook' appears in 985msec<br>]]>
            </line>
            <line>
              <![CDATA[--------==[ Step 3 ]==--------<br>]]>
            </line>
            <line>
              <![CDATA[Label 'По дате обновления' :: Clicking<br>]]>
            </line>
            <line>
              <![CDATA[--------==[ Step 4 ]==--------<br>]]>
            </line>
            <line>
              <![CDATA[Label 'По году' :: Clicking<br>]]>
            </line>
            <line>
              <![CDATA[--------==[ Step 5 ]==--------<br>]]>
            </line>
            <line>
              <![CDATA[Label 'По рейтингу' :: Clicking<br>]]>
            </line>
            <line>
              <![CDATA[--------==[ Step 6 ]==--------<br>]]>
            </line>
            <line>
              <![CDATA[Label 'По просмотрам' :: Clicking<br>]]>
            </line>
            <line>
              <![CDATA[--------==[ Step 7 ]==--------<br>]]>
            </line>
            <line>
              <![CDATA[Label 'По времени звучания' :: Clicking<br>]]>
            </line>
            <line>
              <![CDATA[<br>]]>
            </line>
            <line>
              <![CDATA[************************************************<br>]]>
            </line>
            <line>
              <![CDATA[***** Test case: 'demo.test.ABook' Passed! *****<br>]]>
            </line>
            <line>
              <![CDATA[************************************************<br>]]>
            </line>
            <line>
              <![CDATA[<br>]]>
            </line>
          </reporter-output>
        </test-method> <!-- xTest -->
        <test-method status="PASS" signature="after()[pri:0, instance:demo.test.ABook@1324072]" name="after" is-config="true" duration-ms="2578" started-at="2014-08-11T19:01:43Z" finished-at="2014-08-11T19:01:45Z">
          <reporter-output>
            <line>
              <![CDATA[driver.quit...<br>]]>
            </line>
            <line>
              <![CDATA[killing processes<br>]]>
            </line>
          </reporter-output>
        </test-method> <!-- after -->
      </class> <!-- demo.test.ABook -->
      <class name="demo.test.ProTorrent">
        <test-method status="PASS" signature="before(org.testng.ITestContext)[pri:0, instance:demo.test.ProTorrent@11656b]" name="before" is-config="true" duration-ms="16469" started-at="2014-08-11T19:11:12Z" finished-at="2014-08-11T19:11:29Z">
          <params>
            <param index="0">
              <value>
                <![CDATA[org.testng.TestRunner@1e7f4fe]]>
              </value>
            </param>
          </params>
          <reporter-output>
            <line>
              <![CDATA[browser driver was constructed<br>]]>
            </line>
            <line>
              <![CDATA[Browser 'firefox' ready...<br>]]>
            </line>
          </reporter-output>
        </test-method> <!-- before -->
        <test-method status="PASS" signature="xTest()[pri:0, instance:demo.test.ProTorrent@11656b]" name="xTest" duration-ms="23906" started-at="2014-08-11T19:11:29Z" finished-at="2014-08-11T19:11:53Z">
          <reporter-output>
            <line>
              <![CDATA[------------------------------------------------------------------------------<br>]]>
            </line>
            <line>
              <![CDATA[=====================  Test case: 'demo.test.ProTorrent' =====================<br>]]>
            </line>
            <line>
              <![CDATA[------------------------------------------------------------------------------<br>]]>
            </line>
            <line>
              <![CDATA[--------==[ Preconditions ]==--------<br>]]>
            </line>
            <line>
              <![CDATA[--------==[ Step 1 ]==--------<br>]]>
            </line>
            <line>
              <![CDATA[--------==[ Step 2 ]==--------<br>]]>
            </line>
            <line>
              <![CDATA[Form 'Страница Pro-Torrent.com' appears in 391msec<br>]]>
            </line>
            <line>
              <![CDATA[--------==[ Step 3 ]==--------<br>]]>
            </line>
            <line>
              <![CDATA[Text Field 'Строка поиска' :: Typing 'Мишки Гамии'<br>]]>
            </line>
            <line>
              <![CDATA[Button 'Кнопка поиска' :: Clicking<br>]]>
            </line>
            <line>
              <![CDATA[--------==[ Step 4 ]==--------<br>]]>
            </line>
            <line>
              <![CDATA[--------==[ Step 5 ]==--------<br>]]>
            </line>
            <line>
              <![CDATA[--------==[ Step 6 ]==--------<br>]]>
            </line>
            <line>
              <![CDATA[Label 'как скачать фильм' :: Clicking<br>]]>
            </line>
            <line>
              <![CDATA[<br>]]>
            </line>
            <line>
              <![CDATA[*****************************************************<br>]]>
            </line>
            <line>
              <![CDATA[***** Test case: 'demo.test.ProTorrent' Passed! *****<br>]]>
            </line>
            <line>
              <![CDATA[*****************************************************<br>]]>
            </line>
            <line>
              <![CDATA[<br>]]>
            </line>
          </reporter-output>
        </test-method> <!-- xTest -->
        <test-method status="PASS" signature="after()[pri:0, instance:demo.test.ProTorrent@11656b]" name="after" is-config="true" duration-ms="656" started-at="2014-08-11T19:11:53Z" finished-at="2014-08-11T19:11:54Z">
          <reporter-output>
            <line>
              <![CDATA[driver.quit...<br>]]>
            </line>
            <line>
              <![CDATA[killing processes<br>]]>
            </line>
          </reporter-output>
        </test-method> <!-- after -->
      </class> <!-- demo.test.ProTorrent -->
      <class name="demo.test.OnlinerForum">
        <test-method status="PASS" signature="before(org.testng.ITestContext)[pri:0, instance:demo.test.OnlinerForum@bc8807]" name="before" is-config="true" duration-ms="13328" started-at="2014-08-11T19:09:35Z" finished-at="2014-08-11T19:09:48Z">
          <params>
            <param index="0">
              <value>
                <![CDATA[org.testng.TestRunner@1e7f4fe]]>
              </value>
            </param>
          </params>
          <reporter-output>
            <line>
              <![CDATA[browser driver was constructed<br>]]>
            </line>
            <line>
              <![CDATA[Browser 'firefox' ready...<br>]]>
            </line>
          </reporter-output>
        </test-method> <!-- before -->
        <test-method status="PASS" signature="xTest()[pri:0, instance:demo.test.OnlinerForum@bc8807]" name="xTest" duration-ms="35125" started-at="2014-08-11T19:09:48Z" finished-at="2014-08-11T19:10:23Z">
          <reporter-output>
            <line>
              <![CDATA[--------------------------------------------------------------------------------<br>]]>
            </line>
            <line>
              <![CDATA[=====================  Test case: 'demo.test.OnlinerForum' =====================<br>]]>
            </line>
            <line>
              <![CDATA[--------------------------------------------------------------------------------<br>]]>
            </line>
            <line>
              <![CDATA[--------==[ Preconditions ]==--------<br>]]>
            </line>
            <line>
              <![CDATA[--------==[ Step 1 ]==--------<br>]]>
            </line>
            <line>
              <![CDATA[--------==[ Step 2 ]==--------<br>]]>
            </line>
            <line>
              <![CDATA[Form 'Страница Onliner' appears in 266msec<br>]]>
            </line>
            <line>
              <![CDATA[--------==[ Step 3 ]==--------<br>]]>
            </line>
            <line>
              <![CDATA[Label 'Форум' :: Clicking<br>]]>
            </line>
            <line>
              <![CDATA[--------==[ Step 4 ]==--------<br>]]>
            </line>
            <line>
              <![CDATA[Text Field 'Строка поиска темы' :: Typing 'World of Tanks'<br>]]>
            </line>
            <line>
              <![CDATA[--------==[ Step 5 ]==--------<br>]]>
            </line>
            <line>
              <![CDATA[Button 'кнопка Найти' :: Clicking<br>]]>
            </line>
            <line>
              <![CDATA[<br>]]>
            </line>
            <line>
              <![CDATA[*******************************************************<br>]]>
            </line>
            <line>
              <![CDATA[***** Test case: 'demo.test.OnlinerForum' Passed! *****<br>]]>
            </line>
            <line>
              <![CDATA[*******************************************************<br>]]>
            </line>
            <line>
              <![CDATA[<br>]]>
            </line>
          </reporter-output>
        </test-method> <!-- xTest -->
        <test-method status="PASS" signature="after()[pri:0, instance:demo.test.OnlinerForum@bc8807]" name="after" is-config="true" duration-ms="1047" started-at="2014-08-11T19:10:23Z" finished-at="2014-08-11T19:10:24Z">
          <reporter-output>
            <line>
              <![CDATA[driver.quit...<br>]]>
            </line>
            <line>
              <![CDATA[killing processes<br>]]>
            </line>
          </reporter-output>
        </test-method> <!-- after -->
      </class> <!-- demo.test.OnlinerForum -->
      <class name="demo.test.GoogleTranslate">
        <test-method status="PASS" signature="before(org.testng.ITestContext)[pri:0, instance:demo.test.GoogleTranslate@1c925db]" name="before" is-config="true" duration-ms="22938" started-at="2014-08-11T19:01:45Z" finished-at="2014-08-11T19:02:08Z">
          <params>
            <param index="0">
              <value>
                <![CDATA[org.testng.TestRunner@1e7f4fe]]>
              </value>
            </param>
          </params>
          <reporter-output>
            <line>
              <![CDATA[browser driver was constructed<br>]]>
            </line>
            <line>
              <![CDATA[Browser 'firefox' ready...<br>]]>
            </line>
          </reporter-output>
        </test-method> <!-- before -->
        <test-method status="PASS" signature="xTest()[pri:0, instance:demo.test.GoogleTranslate@1c925db]" name="xTest" duration-ms="21047" started-at="2014-08-11T19:02:08Z" finished-at="2014-08-11T19:02:29Z">
          <reporter-output>
            <line>
              <![CDATA[-----------------------------------------------------------------------------------<br>]]>
            </line>
            <line>
              <![CDATA[=====================  Test case: 'demo.test.GoogleTranslate' =====================<br>]]>
            </line>
            <line>
              <![CDATA[-----------------------------------------------------------------------------------<br>]]>
            </line>
            <line>
              <![CDATA[--------==[ Preconditions ]==--------<br>]]>
            </line>
            <line>
              <![CDATA[--------==[ Step 1 ]==--------<br>]]>
            </line>
            <line>
              <![CDATA[--------==[ Step 2 ]==--------<br>]]>
            </line>
            <line>
              <![CDATA[Form 'Страница Google Translate' appears in 360msec<br>]]>
            </line>
            <line>
              <![CDATA[--------==[ Step 3 ]==--------<br>]]>
            </line>
            <line>
              <![CDATA[Text Field 'Поле для ввода текста' :: Typing 'Translate'<br>]]>
            </line>
            <line>
              <![CDATA[--------==[ Step 4 ]==--------<br>]]>
            </line>
            <line>
              <![CDATA[Button 'Озвучить перевод' :: Clicking<br>]]>
            </line>
            <line>
              <![CDATA[--------==[ Step 5 ]==--------<br>]]>
            </line>
            <line>
              <![CDATA[Button 'Выбор языка перевода' :: Clicking<br>]]>
            </line>
            <line>
              <![CDATA[Button 'Нерепести на португальский' :: Clicking<br>]]>
            </line>
            <line>
              <![CDATA[Button 'Озвучить перевод' :: Clicking<br>]]>
            </line>
            <line>
              <![CDATA[<br>]]>
            </line>
            <line>
              <![CDATA[**********************************************************<br>]]>
            </line>
            <line>
              <![CDATA[***** Test case: 'demo.test.GoogleTranslate' Passed! *****<br>]]>
            </line>
            <line>
              <![CDATA[**********************************************************<br>]]>
            </line>
            <line>
              <![CDATA[<br>]]>
            </line>
          </reporter-output>
        </test-method> <!-- xTest -->
        <test-method status="PASS" signature="after()[pri:0, instance:demo.test.GoogleTranslate@1c925db]" name="after" is-config="true" duration-ms="1062" started-at="2014-08-11T19:02:29Z" finished-at="2014-08-11T19:02:30Z">
          <reporter-output>
            <line>
              <![CDATA[driver.quit...<br>]]>
            </line>
            <line>
              <![CDATA[killing processes<br>]]>
            </line>
          </reporter-output>
        </test-method> <!-- after -->
      </class> <!-- demo.test.GoogleTranslate -->
      <class name="demo.test.OnlinerBuy">
        <test-method status="PASS" signature="before(org.testng.ITestContext)[pri:0, instance:demo.test.OnlinerBuy@188c3f4]" name="before" is-config="true" duration-ms="16063" started-at="2014-08-11T19:08:30Z" finished-at="2014-08-11T19:08:46Z">
          <params>
            <param index="0">
              <value>
                <![CDATA[org.testng.TestRunner@1e7f4fe]]>
              </value>
            </param>
          </params>
          <reporter-output>
            <line>
              <![CDATA[browser driver was constructed<br>]]>
            </line>
            <line>
              <![CDATA[Browser 'firefox' ready...<br>]]>
            </line>
          </reporter-output>
        </test-method> <!-- before -->
        <test-method status="PASS" signature="xTest()[pri:0, instance:demo.test.OnlinerBuy@188c3f4]" name="xTest" duration-ms="47656" started-at="2014-08-11T19:08:46Z" finished-at="2014-08-11T19:09:34Z">
          <reporter-output>
            <line>
              <![CDATA[------------------------------------------------------------------------------<br>]]>
            </line>
            <line>
              <![CDATA[=====================  Test case: 'demo.test.OnlinerBuy' =====================<br>]]>
            </line>
            <line>
              <![CDATA[------------------------------------------------------------------------------<br>]]>
            </line>
            <line>
              <![CDATA[--------==[ Preconditions ]==--------<br>]]>
            </line>
            <line>
              <![CDATA[--------==[ Step 1 ]==--------<br>]]>
            </line>
            <line>
              <![CDATA[--------==[ Step 2 ]==--------<br>]]>
            </line>
            <line>
              <![CDATA[Form 'Страница Onliner' appears in 313msec<br>]]>
            </line>
            <line>
              <![CDATA[--------==[ Step 3 ]==--------<br>]]>
            </line>
            <line>
              <![CDATA[Text Field 'Строка ввода логина' :: Typing 'stas_man@tut.by'<br>]]>
            </line>
            <line>
              <![CDATA[Text Field 'Строка ввода пароля' :: Typing '155155ss'<br>]]>
            </line>
            <line>
              <![CDATA[Button 'кнопка Submit' :: Clicking<br>]]>
            </line>
            <line>
              <![CDATA[--------==[ Step 4 ]==--------<br>]]>
            </line>
            <line>
              <![CDATA[Label 'Раздел Каталог и цены' :: Clicking<br>]]>
            </line>
            <line>
              <![CDATA[--------==[ Step 5 ]==--------<br>]]>
            </line>
            <line>
              <![CDATA[Label 'Проводные телефоны' :: Clicking<br>]]>
            </line>
            <line>
              <![CDATA[--------==[ Step 5 ]==--------<br>]]>
            </line>
            <line>
              <![CDATA[Text Field 'Минимальная цена' :: Typing '5'<br>]]>
            </line>
            <line>
              <![CDATA[Text Field 'Максимальная цена' :: Typing '15'<br>]]>
            </line>
            <line>
              <![CDATA[Button 'кнопка Подобрать' :: Clicking<br>]]>
            </line>
            <line>
              <![CDATA[<br>]]>
            </line>
            <line>
              <![CDATA[*****************************************************<br>]]>
            </line>
            <line>
              <![CDATA[***** Test case: 'demo.test.OnlinerBuy' Passed! *****<br>]]>
            </line>
            <line>
              <![CDATA[*****************************************************<br>]]>
            </line>
            <line>
              <![CDATA[<br>]]>
            </line>
          </reporter-output>
        </test-method> <!-- xTest -->
        <test-method status="PASS" signature="after()[pri:0, instance:demo.test.OnlinerBuy@188c3f4]" name="after" is-config="true" duration-ms="766" started-at="2014-08-11T19:09:34Z" finished-at="2014-08-11T19:09:35Z">
          <reporter-output>
            <line>
              <![CDATA[driver.quit...<br>]]>
            </line>
            <line>
              <![CDATA[killing processes<br>]]>
            </line>
          </reporter-output>
        </test-method> <!-- after -->
      </class> <!-- demo.test.OnlinerBuy -->
    </test> <!-- Functional Tests -->
  </suite> <!-- Demo Test Plan -->
</testng-results>
