<?xml version="1.0" encoding="UTF-8"?>
<!-- Generated by org.testng.reporters.JUnitXMLReporter -->
<testsuite hostname="Kristal" name="Functional Tests" tests="10" failures="0" timestamp="11 Aug 2014 15:11:54 GMT" time="657.828" errors="0">
  <testcase name="xTest" time="46.578" classname="demo.test.ABook"/>
  <testcase name="xTest" time="21.047" classname="demo.test.GoogleTranslate"/>
  <testcase name="xTest" time="21.234" classname="demo.test.Kinoklad"/>
  <testcase name="xTest" time="15.64" classname="demo.test.MinskShop"/>
  <testcase name="xTest" time="221.141" classname="demo.test.MinskShopCompare"/>
  <testcase name="xTest" time="42.438" classname="demo.test.Onliner"/>
  <testcase name="xTest" time="47.656" classname="demo.test.OnlinerBuy"/>
  <testcase name="xTest" time="35.125" classname="demo.test.OnlinerForum"/>
  <testcase name="xTest" time="32.203" classname="demo.test.OnlinerIron"/>
  <testcase name="xTest" time="23.906" classname="demo.test.ProTorrent"/>
</testsuite> <!-- Functional Tests -->
